<?xml version='1.0' encoding='UTF-8' ?>
<testsuite name="Feature HelloWorld" tests="1" failures="0" errors="0" skipped="0" time="0.0" timestamp="2020-03-28T18:38:49" hostname="localhost">
  <properties>
    <property name="device" value="Pixel_3_API_29(AVD) - 10" />
    <property name="flavor" value="" />
    <property name="project" value="app" />
  </properties>
  <testcase name="Scenario HelloToTheWorld" classname="Feature HelloWorld" time="0.435" />
</testsuite>